  experiment.cpp
E:\Chusov\experiment.cpp(17,134): warning C4244: =: преобразование "_Rep" в "double", возможна потеря данных
          with
          [
              _Rep=__int64
          ]
  generator.cpp
E:\Chusov\generator.cpp(62,19): warning C4244: инициализация: преобразование "time_t" в "unsigned int", возможна потеря данных
C:\Program Files (x86)\Microsoft Visual Studio\2019\Community\VC\Tools\MSVC\14.25.28610\include\xmemory(671,82): warning C4244: инициализация: преобразование "_Ty" в "_Objty", возможна потеря данных
          with
          [
              _Ty=__int64
          ]
          and
          [
              _Objty=unsigned int
          ]
C:\Program Files (x86)\Microsoft Visual Studio\2019\Community\VC\Tools\MSVC\14.25.28610\include\vector(682): message : выполняется компиляция ссылки на экземпляр шаблон функции "void std::_Default_allocator_traits<_Alloc>::construct<_Ty,__int64>(_Alloc &,_Objty *const ,__int64 &&)"
          with
          [
              _Alloc=std::allocator<unsigned int>,
              _Ty=unsigned int,
              _Objty=unsigned int
          ]
C:\Program Files (x86)\Microsoft Visual Studio\2019\Community\VC\Tools\MSVC\14.25.28610\include\vector(687): message : выполняется компиляция ссылки на экземпляр шаблон функции "void std::_Default_allocator_traits<_Alloc>::construct<_Ty,__int64>(_Alloc &,_Objty *const ,__int64 &&)"
          with
          [
              _Alloc=std::allocator<unsigned int>,
              _Ty=unsigned int,
              _Objty=unsigned int
          ]
C:\Program Files (x86)\Microsoft Visual Studio\2019\Community\VC\Tools\MSVC\14.25.28610\include\vector(700): message : выполняется компиляция ссылки на экземпляр шаблон функции "_Ty &std::vector<_Ty,std::allocator<_Ty>>::_Emplace_back_with_unused_capacity<__int64>(__int64 &&)"
          with
          [
              _Ty=unsigned int
          ]
E:\Chusov\generator.cpp(37): message : выполняется компиляция ссылки на экземпляр шаблон функции "_Ty &std::vector<_Ty,std::allocator<_Ty>>::emplace_back<__int64>(__int64 &&)"
          with
          [
              _Ty=unsigned int
          ]
  num_threads.cpp
  Source.cpp
  Создание кода...
  Chusov.vcxproj -> C:\Users\CrazyB\source\repos\Chusov\Debug\Chusov.exe
